<?xml version="1.0" encoding="UTF-8"?>
<!-- Generated by org.testng.reporters.JUnitReportReporter -->
<testsuite skipped="0" hostname="SANDIP" name="com.Test_Scripts.HotelTest" tests="1" failures="0" timestamp="22 Jun 2018 01:33:41 GMT" time="14.159" errors="0">
  <testcase name="hotelClickCheck" time="14.159" classname="com.Test_Scripts.HotelTest"/>
</testsuite> <!-- com.Test_Scripts.HotelTest -->
