<?xml version="1.0" encoding="UTF-8"?>
<!-- Generated by org.testng.reporters.JUnitReportReporter -->
<testsuite skipped="0" hostname="SANDIP" name="com.Test_Scripts.SignOnTest" tests="1" failures="0" timestamp="11 Jun 2018 10:53:00 GMT" time="30.628" errors="0">
  <testcase name="userLoginValidation" time="30.628" classname="com.Test_Scripts.SignOnTest"/>
</testsuite> <!-- com.Test_Scripts.SignOnTest -->
