<?xml version="1.0" encoding="UTF-8"?>
<!-- Generated by org.testng.reporters.JUnitReportReporter -->
<testsuite skipped="0" hostname="SANDIP" name="com.Test_Scripts.HotelTest" tests="1" failures="0" timestamp="11 Jun 2018 10:53:00 GMT" time="18.289" errors="0">
  <testcase name="hotelClickCheck" time="18.289" classname="com.Test_Scripts.HotelTest"/>
</testsuite> <!-- com.Test_Scripts.HotelTest -->
