<?xml version="1.0" encoding="UTF-8"?>
<!-- Generated by org.testng.reporters.JUnitReportReporter -->
<testsuite skipped="0" hostname="SANDIP" name="com.Test_Scripts.SingOffTest" tests="1" failures="0" timestamp="04 Jun 2018 10:37:00 GMT" time="40.018" errors="0">
  <testcase name="userLogOffValidation" time="40.018" classname="com.Test_Scripts.SingOffTest"/>
</testsuite> <!-- com.Test_Scripts.SingOffTest -->
