<?xml version="1.0" encoding="UTF-8"?>
<!-- Generated by org.testng.reporters.JUnitReportReporter -->
<testsuite skipped="0" hostname="SANDIP" name="com.Test_Scripts.FlightTest" tests="1" failures="0" timestamp="04 Jun 2018 11:14:09 GMT" time="23.092" errors="0">
  <testcase name="flightLinkCheck" time="23.092" classname="com.Test_Scripts.FlightTest"/>
</testsuite> <!-- com.Test_Scripts.FlightTest -->
