<?xml version="1.0" encoding="UTF-8"?>
<!-- Generated by org.testng.reporters.JUnitReportReporter -->
<testsuite skipped="0" hostname="SANDIP" name="com.Test_Scripts.FlightTest" tests="1" failures="0" timestamp="22 Jun 2018 01:35:54 GMT" time="18.455" errors="0">
  <testcase name="flightLinkCheck" time="18.455" classname="com.Test_Scripts.FlightTest"/>
</testsuite> <!-- com.Test_Scripts.FlightTest -->
